Property signals imported and registered successfully
Property signals imported and registered successfully
Warming up property cache...
Checking cache for key: all_properties
Cache MISS: Fetching properties from database
Property signals imported and registered successfully.
Property signals imported and registered successfully.
Property signals imported and registered successfully.
Watching for file changes with StatReloader
/home/darlenewendie/Downloads/alx-backend-caching_property_listings/alx_backend_caching_property_listings/settings.py changed, reloading.
Property signals imported and registered successfully.
Watching for file changes with StatReloader
Property signals imported and registered successfully.
Property signals imported and registered successfully.
Property signals imported and registered successfully.
Watching for file changes with StatReloader
"GET / HTTP/1.1" 302 0
Checking cache for key: all_properties
Cache MISS: Fetching properties from database
Cached 0 properties for 3600 seconds
Cache MISS: Fetching property count from database
Cached property count: 0
Internal Server Error: /properties/
Traceback (most recent call last):
  File "/home/darlenewendie/.local/lib/python3.12/site-packages/django/core/handlers/exception.py", line 55, in inner
    response = get_response(request)
               ^^^^^^^^^^^^^^^^^^^^^
  File "/home/darlenewendie/.local/lib/python3.12/site-packages/django/core/handlers/base.py", line 197, in _get_response
    response = wrapped_callback(request, *callback_args, **callback_kwargs)
               ^^^^^^^^^^^^^^^^^^^^^^^^^^^^^^^^^^^^^^^^^^^^^^^^^^^^^^^^^^^^
  File "/home/darlenewendie/.local/lib/python3.12/site-packages/django/utils/decorators.py", line 196, in _view_wrapper
    return _post_process_request(request, response)
           ^^^^^^^^^^^^^^^^^^^^^^^^^^^^^^^^^^^^^^^^
  File "/home/darlenewendie/.local/lib/python3.12/site-packages/django/utils/decorators.py", line 163, in _post_process_request
    return middleware.process_response(request, response)
           ^^^^^^^^^^^^^^^^^^^^^^^^^^^^^^^^^^^^^^^^^^^^^^
  File "/home/darlenewendie/.local/lib/python3.12/site-packages/django/middleware/cache.py", line 129, in process_response
    self.cache.set(cache_key, response, timeout)
  File "/home/darlenewendie/.local/lib/python3.12/site-packages/django_redis/cache.py", line 29, in _decorator
    return method(self, *args, **kwargs)
           ^^^^^^^^^^^^^^^^^^^^^^^^^^^^^
  File "/home/darlenewendie/.local/lib/python3.12/site-packages/django_redis/cache.py", line 81, in set
    return self.client.set(*args, **kwargs)
           ^^^^^^^^^^^^^^^^^^^^^^^^^^^^^^^^
  File "/home/darlenewendie/.local/lib/python3.12/site-packages/django_redis/client/default.py", line 186, in set
    nvalue = self.encode(value)
             ^^^^^^^^^^^^^^^^^^
  File "/home/darlenewendie/.local/lib/python3.12/site-packages/django_redis/client/default.py", line 514, in encode
    value = self._serializer.dumps(value)
            ^^^^^^^^^^^^^^^^^^^^^^^^^^^^^
  File "/home/darlenewendie/.local/lib/python3.12/site-packages/django_redis/serializers/json.py", line 13, in dumps
    return json.dumps(value, cls=self.encoder_class).encode()
           ^^^^^^^^^^^^^^^^^^^^^^^^^^^^^^^^^^^^^^^^^
  File "/usr/lib/python3.12/json/__init__.py", line 238, in dumps
    **kw).encode(obj)
          ^^^^^^^^^^^
  File "/usr/lib/python3.12/json/encoder.py", line 200, in encode
    chunks = self.iterencode(o, _one_shot=True)
             ^^^^^^^^^^^^^^^^^^^^^^^^^^^^^^^^^^
  File "/usr/lib/python3.12/json/encoder.py", line 258, in iterencode
    return _iterencode(o, 0)
           ^^^^^^^^^^^^^^^^^
  File "/home/darlenewendie/.local/lib/python3.12/site-packages/django/core/serializers/json.py", line 114, in default
    return super().default(o)
           ^^^^^^^^^^^^^^^^^^
  File "/usr/lib/python3.12/json/encoder.py", line 180, in default
    raise TypeError(f'Object of type {o.__class__.__name__} '
TypeError: Object of type HttpResponse is not JSON serializable
"GET /properties/ HTTP/1.1" 500 127435
Not Found: /favicon.ico
"GET /favicon.ico HTTP/1.1" 404 2549
/home/darlenewendie/Downloads/alx-backend-caching_property_listings/alx_backend_caching_property_listings/settings.py changed, reloading.
Watching for file changes with StatReloader
/home/darlenewendie/Downloads/alx-backend-caching_property_listings/alx_backend_caching_property_listings/settings.py changed, reloading.
Watching for file changes with StatReloader
/home/darlenewendie/Downloads/alx-backend-caching_property_listings/alx_backend_caching_property_listings/settings.py changed, reloading.
Watching for file changes with StatReloader
/home/darlenewendie/Downloads/alx-backend-caching_property_listings/alx_backend_caching_property_listings/settings.py changed, reloading.
Watching for file changes with StatReloader
/home/darlenewendie/Downloads/alx-backend-caching_property_listings/alx_backend_caching_property_listings/settings.py changed, reloading.
Watching for file changes with StatReloader
/home/darlenewendie/Downloads/alx-backend-caching_property_listings/alx_backend_caching_property_listings/settings.py changed, reloading.
Watching for file changes with StatReloader
Watching for file changes with StatReloader
Watching for file changes with StatReloader
Watching for file changes with StatReloader
/home/darlenewendie/Downloads/alx-backend-caching_property_listings/alx_backend_caching_property_listings/settings.py changed, reloading.
Property signals imported and registered successfully.
Watching for file changes with StatReloader
Property signals imported and registered successfully.
Property signals imported and registered successfully.
Watching for file changes with StatReloader
/home/darlenewendie/Downloads/alx-backend-caching_property_listings/properties/urls.py changed, reloading.
/home/darlenewendie/Downloads/alx-backend-caching_property_listings/properties/urls.py changed, reloading.
Property signals imported and registered successfully.
Property signals imported and registered successfully.
Watching for file changes with StatReloader
Watching for file changes with StatReloader
Property signals imported and registered successfully.
Property signals imported and registered successfully.
Watching for file changes with StatReloader
Property signals imported and registered successfully.
Property signals imported and registered successfully.
Watching for file changes with StatReloader
"GET / HTTP/1.1" 302 0
Checking cache for key: all_properties
Cache MISS: Fetching properties from database
Cached 0 properties for 3600 seconds
Cache MISS: Fetching property count from database
Cached property count: 0
"GET /properties/ HTTP/1.1" 200 2099
Not Found: /favicon.ico
"GET /favicon.ico HTTP/1.1" 404 2549
"GET /admin/ HTTP/1.1" 302 0
"GET /admin/login/?next=/admin/ HTTP/1.1" 200 4173
"GET /static/admin/css/dark_mode.css HTTP/1.1" 200 2808
"GET /static/admin/css/base.css HTTP/1.1" 200 22120
"GET /static/admin/css/nav_sidebar.css HTTP/1.1" 200 2810
"GET /static/admin/css/login.css HTTP/1.1" 200 951
"GET /static/admin/js/theme.js HTTP/1.1" 200 1653
"GET /static/admin/css/responsive.css HTTP/1.1" 200 16565
"GET /static/admin/js/nav_sidebar.js HTTP/1.1" 200 3063
/home/darlenewendie/Downloads/alx-backend-caching_property_listings/properties/utils.py changed, reloading.
/home/darlenewendie/Downloads/alx-backend-caching_property_listings/properties/utils.py changed, reloading.
Property signals imported and registered successfully.
Watching for file changes with StatReloader
Property signals imported and registered successfully.
Watching for file changes with StatReloader
/home/darlenewendie/Downloads/alx-backend-caching_property_listings/properties/views.py changed, reloading.
/home/darlenewendie/Downloads/alx-backend-caching_property_listings/properties/views.py changed, reloading.
Property signals imported and registered successfully.
Watching for file changes with StatReloader
Property signals imported and registered successfully.
Watching for file changes with StatReloader
/home/darlenewendie/Downloads/alx-backend-caching_property_listings/properties/urls.py changed, reloading.
/home/darlenewendie/Downloads/alx-backend-caching_property_listings/properties/urls.py changed, reloading.
Property signals imported and registered successfully.
Watching for file changes with StatReloader
Property signals imported and registered successfully.
Watching for file changes with StatReloader
/home/darlenewendie/Downloads/alx-backend-caching_property_listings/properties/views.py changed, reloading.
/home/darlenewendie/Downloads/alx-backend-caching_property_listings/properties/views.py changed, reloading.
Property signals imported and registered successfully.
Property signals imported and registered successfully.
Watching for file changes with StatReloader
Watching for file changes with StatReloader
"GET / HTTP/1.1" 302 0
"GET /properties/ HTTP/1.1" 200 2099
/home/darlenewendie/Downloads/alx-backend-caching_property_listings/properties/utils.py changed, reloading.
Property signals imported and registered successfully.
Watching for file changes with StatReloader
Property signals imported and registered successfully.
Property signals imported and registered successfully.
Watching for file changes with StatReloader
"GET / HTTP/1.1" 302 0
Checking cache for key: all_properties
Cache HIT: Returning cached properties
Cache HIT: Returning cached property count
"GET /properties/ HTTP/1.1" 200 2099
Not Found: /favicon.ico
"GET /favicon.ico HTTP/1.1" 404 2549
"GET /properties/cache-test/ HTTP/1.1" 200 217
Checking cache for key: all_properties
Cache HIT: Returning cached properties
Cache MISS: Fetching property count from database
Cached property count: 0
"GET /properties/ HTTP/1.1" 200 2099
Checking cache for key: all_properties
Cache HIT: Returning cached properties
Cache HIT: Returning cached property count
"GET /properties/ HTTP/1.1" 200 118
Internal Server Error: /properties/cache-status/
Traceback (most recent call last):
  File "/home/darlenewendie/.local/lib/python3.12/site-packages/django/core/handlers/exception.py", line 55, in inner
    response = get_response(request)
               ^^^^^^^^^^^^^^^^^^^^^
  File "/home/darlenewendie/.local/lib/python3.12/site-packages/django/core/handlers/base.py", line 197, in _get_response
    response = wrapped_callback(request, *callback_args, **callback_kwargs)
               ^^^^^^^^^^^^^^^^^^^^^^^^^^^^^^^^^^^^^^^^^^^^^^^^^^^^^^^^^^^^
  File "/home/darlenewendie/Downloads/alx-backend-caching_property_listings/properties/views.py", line 159, in cache_status
    cache_key = f"views.decorators.cache.cache_page.{request.get_full_path()}.{request.LANGUAGE_CODE}.{settings.TIME_ZONE}"
                                                                               ^^^^^^^^^^^^^^^^^^^^^
AttributeError: 'WSGIRequest' object has no attribute 'LANGUAGE_CODE'
"GET /properties/cache-status/ HTTP/1.1" 500 71829
Checking cache for key: all_properties
Cache HIT: Returning cached properties
Cache HIT: Returning cached property count
"GET /properties/ HTTP/1.1" 200 2099
"GET /properties/ HTTP/1.1" 200 2099
"GET / HTTP/1.1" 302 0
Not Found: /favicon.ico
"GET /favicon.ico HTTP/1.1" 404 2549
/home/darlenewendie/Downloads/alx-backend-caching_property_listings/properties/views.py changed, reloading.
Property signals imported and registered successfully.
Watching for file changes with StatReloader
/home/darlenewendie/Downloads/alx-backend-caching_property_listings/properties/views.py changed, reloading.
Property signals imported and registered successfully.
Watching for file changes with StatReloader
"GET /properties/ HTTP/1.1" 200 2099
"GET /properties/cache-status/ HTTP/1.1" 200 464
"GET /properties/cache-status/ HTTP/1.1" 200 464
Forbidden (CSRF cookie not set.): /properties/cache-clear/
"POST /properties/cache-clear/ HTTP/1.1" 403 2855
Forbidden (CSRF cookie not set.): /properties/cache-clear/
"POST //properties/cache-clear/ HTTP/1.1" 403 2855
Retrieving Redis cache metrics...
Redis cache metrics retrieved successfully:
  Hit ratio: 50.00%
  Total operations: 40
  Memory usage: 954.89K
  Connected clients: 1
"GET //properties/redis-metrics/ HTTP/1.1" 200 921
Forbidden (CSRF cookie not set.): /properties/cache-load-test/
"POST //properties/cache-load-test/ HTTP/1.1" 403 2855
Forbidden (CSRF cookie not set.): /properties/test-signals/
"POST //properties/test-signals/ HTTP/1.1" 403 2855
/home/darlenewendie/Downloads/alx-backend-caching_property_listings/properties/views.py changed, reloading.
Property signals imported and registered successfully.
Watching for file changes with StatReloader
/home/darlenewendie/Downloads/alx-backend-caching_property_listings/properties/views.py changed, reloading.
Property signals imported and registered successfully.
Watching for file changes with StatReloader
Forbidden (CSRF cookie not set.): /properties/test-signals/
"POST //properties/test-signals/ HTTP/1.1" 403 2855
Forbidden (CSRF cookie not set.): /properties/test-signals/
"POST //properties/test-signals/ HTTP/1.1" 403 2855
/home/darlenewendie/Downloads/alx-backend-caching_property_listings/properties/views.py changed, reloading.
Property signals imported and registered successfully.
Watching for file changes with StatReloader
/home/darlenewendie/Downloads/alx-backend-caching_property_listings/properties/views.py changed, reloading.
Property signals imported and registered successfully.
Watching for file changes with StatReloader
/home/darlenewendie/Downloads/alx-backend-caching_property_listings/properties/views.py changed, reloading.
Property signals imported and registered successfully.
Watching for file changes with StatReloader
/home/darlenewendie/Downloads/alx-backend-caching_property_listings/properties/views.py changed, reloading.
Property signals imported and registered successfully.
Watching for file changes with StatReloader
/home/darlenewendie/Downloads/alx-backend-caching_property_listings/properties/views.py changed, reloading.
Property signals imported and registered successfully.
Watching for file changes with StatReloader
Property signals imported and registered successfully.
Property signals imported and registered successfully.
Watching for file changes with StatReloader
"GET / HTTP/1.1" 302 0
Checking cache for key: all_properties
Cache HIT: Returning cached properties
Cache HIT: Returning cached property count
"GET /properties/ HTTP/1.1" 200 2099
Property created: Test Property 2064 (ID: 1)
Invalidating property cache due to post_save signal
Cache invalidated after property created
Property created - Title: Test Property 2064, Location: Test Location, Price: $1500.00
"POST //properties/test-signals/ HTTP/1.1" 200 696
"POST //properties/cache-load-test/ HTTP/1.1" 200 205
Cache cleared: ALL_PROPERTIES (all_properties)
Cache cleared: PROPERTY_COUNT (property_count)
Property cache invalidation completed
"POST //properties/cache-clear/ HTTP/1.1" 200 329
